janv. 17, 2025 7:02:41 AM com.matthieudeglon.shootme.Server.GameServer lambda$start$0
INFO: Game server started on port 12345
janv. 17, 2025 7:02:49 AM com.matthieudeglon.shootme.Server.GameServer broadcast
INFO: Broadcasting message: Player 2 moved LEFT
janv. 17, 2025 7:02:49 AM com.matthieudeglon.shootme.Server.GameServer broadcast
INFO: Broadcasting message: Player 2 moved UP
janv. 17, 2025 7:02:50 AM com.matthieudeglon.shootme.Server.GameServer broadcast
INFO: Broadcasting message: Player 2 moved DOWN
janv. 17, 2025 7:02:50 AM com.matthieudeglon.shootme.Server.GameServer broadcast
INFO: Broadcasting message: Player 1 moved DOWN
janv. 17, 2025 7:02:50 AM com.matthieudeglon.shootme.Server.GameServer broadcast
INFO: Broadcasting message: Player 2 moved LEFT
janv. 17, 2025 7:02:50 AM com.matthieudeglon.shootme.Server.GameServer broadcast
INFO: Broadcasting message: Player 2 moved UP
janv. 17, 2025 7:02:50 AM com.matthieudeglon.shootme.Server.GameServer broadcast
INFO: Broadcasting message: Player 1 moved RIGHT
janv. 17, 2025 7:02:50 AM com.matthieudeglon.shootme.Server.GameServer broadcast
INFO: Broadcasting message: Player 2 moved LEFT
janv. 17, 2025 7:02:50 AM com.matthieudeglon.shootme.Server.GameServer broadcast
INFO: Broadcasting message: Player 2 moved UP
janv. 17, 2025 7:02:50 AM com.matthieudeglon.shootme.Server.GameServer broadcast
INFO: Broadcasting message: Player 2 moved RIGHT
janv. 17, 2025 7:02:51 AM com.matthieudeglon.shootme.Server.GameServer broadcast
INFO: Broadcasting message: Player 2 moved LEFT
janv. 17, 2025 7:02:51 AM com.matthieudeglon.shootme.Server.GameServer broadcast
INFO: Broadcasting message: Player 1 moved DOWN
janv. 17, 2025 7:02:51 AM com.matthieudeglon.shootme.Server.GameServer broadcast
INFO: Broadcasting message: Player 2 moved DOWN
janv. 17, 2025 7:02:51 AM com.matthieudeglon.shootme.Server.GameServer broadcast
INFO: Broadcasting message: Player 2 moved LEFT
janv. 17, 2025 7:02:51 AM com.matthieudeglon.shootme.Server.GameServer broadcast
INFO: Broadcasting message: Player 2 moved LEFT
janv. 17, 2025 7:06:06 AM com.matthieudeglon.shootme.Server.GameServer lambda$start$0
INFO: Game server started on port 12345
janv. 17, 2025 7:06:08 AM com.matthieudeglon.shootme.Server.GameServer broadcast
INFO: Broadcasting message: Player 2 moved LEFT
janv. 17, 2025 7:06:15 AM com.matthieudeglon.shootme.Server.GameServer broadcast
INFO: Broadcasting message: Player 2 moved LEFT
janv. 17, 2025 7:06:15 AM com.matthieudeglon.shootme.Server.GameServer broadcast
INFO: Broadcasting message: Player 2 moved DOWN
janv. 17, 2025 7:06:15 AM com.matthieudeglon.shootme.Server.GameServer broadcast
INFO: Broadcasting message: Player 2 moved LEFT
janv. 17, 2025 7:06:15 AM com.matthieudeglon.shootme.Server.GameServer broadcast
INFO: Broadcasting message: Player 2 moved DOWN
janv. 17, 2025 7:06:15 AM com.matthieudeglon.shootme.Server.GameServer broadcast
INFO: Broadcasting message: Player 2 moved LEFT
janv. 17, 2025 7:06:15 AM com.matthieudeglon.shootme.Server.GameServer broadcast
INFO: Broadcasting message: Player 1 moved RIGHT
janv. 17, 2025 7:06:15 AM com.matthieudeglon.shootme.Server.GameServer broadcast
INFO: Broadcasting message: Player 2 moved RIGHT
janv. 17, 2025 7:06:15 AM com.matthieudeglon.shootme.Server.GameServer broadcast
INFO: Broadcasting message: Player 2 moved LEFT
janv. 17, 2025 7:06:15 AM com.matthieudeglon.shootme.Server.GameServer broadcast
INFO: Broadcasting message: Player 2 moved UP
janv. 17, 2025 7:06:15 AM com.matthieudeglon.shootme.Server.GameServer broadcast
INFO: Broadcasting message: Player 1 moved RIGHT
janv. 17, 2025 7:06:15 AM com.matthieudeglon.shootme.Server.GameServer broadcast
INFO: Broadcasting message: Player 2 moved LEFT
janv. 17, 2025 7:06:16 AM com.matthieudeglon.shootme.Server.GameServer broadcast
INFO: Broadcasting message: Player 2 moved UP
janv. 17, 2025 7:06:16 AM com.matthieudeglon.shootme.Server.GameServer broadcast
INFO: Broadcasting message: Player 2 moved RIGHT
janv. 17, 2025 7:06:16 AM com.matthieudeglon.shootme.Server.GameServer broadcast
INFO: Broadcasting message: Player 1 moved RIGHT
janv. 17, 2025 7:06:16 AM com.matthieudeglon.shootme.Server.GameServer broadcast
INFO: Broadcasting message: Player 2 moved LEFT
janv. 17, 2025 7:06:16 AM com.matthieudeglon.shootme.Server.GameServer broadcast
INFO: Broadcasting message: Player 2 moved UP
janv. 17, 2025 7:06:16 AM com.matthieudeglon.shootme.Server.GameServer broadcast
INFO: Broadcasting message: Player 2 moved LEFT
janv. 17, 2025 7:06:16 AM com.matthieudeglon.shootme.Server.GameServer broadcast
INFO: Broadcasting message: Player 1 moved RIGHT
janv. 17, 2025 7:06:16 AM com.matthieudeglon.shootme.Server.GameServer broadcast
INFO: Broadcasting message: Player 2 moved DOWN
janv. 17, 2025 7:06:16 AM com.matthieudeglon.shootme.Server.GameServer broadcast
INFO: Broadcasting message: Player 2 moved UP
janv. 17, 2025 7:06:16 AM com.matthieudeglon.shootme.Server.GameServer broadcast
INFO: Broadcasting message: Player 2 moved LEFT
janv. 17, 2025 7:06:17 AM com.matthieudeglon.shootme.Server.GameServer broadcast
INFO: Broadcasting message: Player 2 moved DOWN
janv. 17, 2025 7:06:17 AM com.matthieudeglon.shootme.Server.GameServer broadcast
INFO: Broadcasting message: Player 2 moved LEFT
janv. 17, 2025 7:06:17 AM com.matthieudeglon.shootme.Server.GameServer broadcast
INFO: Broadcasting message: Player 2 moved DOWN
janv. 17, 2025 7:06:17 AM com.matthieudeglon.shootme.Server.GameServer broadcast
INFO: Broadcasting message: Player 2 moved LEFT
janv. 17, 2025 7:06:17 AM com.matthieudeglon.shootme.Server.GameServer broadcast
INFO: Broadcasting message: Player 2 moved LEFT
janv. 17, 2025 7:06:17 AM com.matthieudeglon.shootme.Server.GameServer broadcast
INFO: Broadcasting message: Player 2 moved DOWN
janv. 17, 2025 7:06:17 AM com.matthieudeglon.shootme.Server.GameServer broadcast
INFO: Broadcasting message: Player 2 moved UP
janv. 17, 2025 7:06:17 AM com.matthieudeglon.shootme.Server.GameServer broadcast
INFO: Broadcasting message: Player 2 moved LEFT
janv. 17, 2025 7:06:18 AM com.matthieudeglon.shootme.Server.GameServer broadcast
INFO: Broadcasting message: Player 2 moved UP
janv. 17, 2025 7:06:18 AM com.matthieudeglon.shootme.Server.GameServer broadcast
INFO: Broadcasting message: Player 2 moved RIGHT
janv. 17, 2025 7:06:18 AM com.matthieudeglon.shootme.Server.GameServer broadcast
INFO: Broadcasting message: Player 2 moved UP
janv. 17, 2025 7:06:18 AM com.matthieudeglon.shootme.Server.GameServer broadcast
INFO: Broadcasting message: Player 2 moved LEFT
janv. 17, 2025 7:06:19 AM com.matthieudeglon.shootme.Server.GameServer broadcast
INFO: Broadcasting message: Player 2 moved UP
janv. 17, 2025 7:06:19 AM com.matthieudeglon.shootme.Server.GameServer broadcast
INFO: Broadcasting message: Player 2 moved RIGHT
janv. 17, 2025 7:06:19 AM com.matthieudeglon.shootme.Server.GameServer broadcast
INFO: Broadcasting message: Player 2 moved UP
janv. 17, 2025 7:06:20 AM com.matthieudeglon.shootme.Server.GameServer broadcast
INFO: Broadcasting message: Player 1 moved RIGHT
janv. 17, 2025 7:06:20 AM com.matthieudeglon.shootme.Server.GameServer broadcast
INFO: Broadcasting message: Player 1 moved DOWN
janv. 17, 2025 7:06:22 AM com.matthieudeglon.shootme.Server.GameServer broadcast
INFO: Broadcasting message: Player 1 moved RIGHT
janv. 17, 2025 7:06:23 AM com.matthieudeglon.shootme.Server.GameServer broadcast
INFO: Broadcasting message: Player 1 moved LEFT
janv. 17, 2025 7:06:23 AM com.matthieudeglon.shootme.Server.GameServer broadcast
INFO: Broadcasting message: Player 1 moved RIGHT
janv. 17, 2025 7:06:25 AM com.matthieudeglon.shootme.Server.GameServer broadcast
INFO: Broadcasting message: Player 1 moved RIGHT
janv. 17, 2025 7:06:25 AM com.matthieudeglon.shootme.Server.GameServer broadcast
INFO: Broadcasting message: Player 1 moved RIGHT
janv. 17, 2025 7:06:27 AM com.matthieudeglon.shootme.Server.GameServer broadcast
INFO: Broadcasting message: Player 1 moved LEFT
janv. 17, 2025 7:06:27 AM com.matthieudeglon.shootme.Server.GameServer broadcast
INFO: Broadcasting message: Player 1 moved RIGHT
janv. 17, 2025 7:06:28 AM com.matthieudeglon.shootme.Server.GameServer broadcast
INFO: Broadcasting message: Player 1 moved LEFT
janv. 17, 2025 7:06:28 AM com.matthieudeglon.shootme.Server.GameServer broadcast
INFO: Broadcasting message: Player 1 moved RIGHT
janv. 17, 2025 7:06:28 AM com.matthieudeglon.shootme.Server.GameServer broadcast
INFO: Broadcasting message: Player 1 moved LEFT
janv. 17, 2025 7:06:29 AM com.matthieudeglon.shootme.Server.GameServer broadcast
INFO: Broadcasting message: Player 1 moved RIGHT
janv. 17, 2025 7:06:29 AM com.matthieudeglon.shootme.Server.GameServer broadcast
INFO: Broadcasting message: Player 1 moved LEFT
janv. 17, 2025 7:06:30 AM com.matthieudeglon.shootme.Server.GameServer broadcast
INFO: Broadcasting message: Player 1 moved DOWN
janv. 17, 2025 7:08:47 AM com.matthieudeglon.shootme.Server.GameServer lambda$start$0
INFO: Game server started on port 12345
janv. 17, 2025 7:08:49 AM com.matthieudeglon.shootme.Server.GameServer broadcast
INFO: Broadcasting message: Player 1 shooted
janv. 17, 2025 7:08:49 AM com.matthieudeglon.shootme.Server.GameServer broadcast
INFO: Broadcasting message: Player 1 moved DOWN
janv. 17, 2025 7:08:50 AM com.matthieudeglon.shootme.Server.GameServer broadcast
INFO: Broadcasting message: Player 1 moved LEFT
janv. 17, 2025 7:08:50 AM com.matthieudeglon.shootme.Server.GameServer broadcast
INFO: Broadcasting message: Player 1 moved DOWN
janv. 17, 2025 7:08:50 AM com.matthieudeglon.shootme.Server.GameServer broadcast
INFO: Broadcasting message: Player 2 moved DOWN
janv. 17, 2025 7:08:50 AM com.matthieudeglon.shootme.Server.GameServer broadcast
INFO: Broadcasting message: Player 1 moved DOWN
janv. 17, 2025 7:08:51 AM com.matthieudeglon.shootme.Server.GameServer broadcast
INFO: Broadcasting message: Player 1 moved RIGHT
janv. 17, 2025 7:08:51 AM com.matthieudeglon.shootme.Server.GameServer broadcast
INFO: Broadcasting message: Player 2 moved UP
janv. 17, 2025 7:08:51 AM com.matthieudeglon.shootme.Server.GameServer broadcast
INFO: Broadcasting message: Player 2 moved LEFT
janv. 17, 2025 7:08:53 AM com.matthieudeglon.shootme.Server.GameServer broadcast
INFO: Broadcasting message: Player 2 moved LEFT
janv. 17, 2025 7:08:53 AM com.matthieudeglon.shootme.Server.GameServer broadcast
INFO: Broadcasting message: Player 2 moved LEFT
janv. 17, 2025 7:08:53 AM com.matthieudeglon.shootme.Server.GameServer broadcast
INFO: Broadcasting message: Player 1 moved RIGHT
janv. 17, 2025 7:08:53 AM com.matthieudeglon.shootme.Server.GameServer broadcast
INFO: Broadcasting message: Player 1 moved LEFT
janv. 17, 2025 7:08:53 AM com.matthieudeglon.shootme.Server.GameServer broadcast
INFO: Broadcasting message: Player 1 moved UP
janv. 17, 2025 7:08:54 AM com.matthieudeglon.shootme.Server.GameServer broadcast
INFO: Broadcasting message: Player 1 moved RIGHT
janv. 17, 2025 7:08:54 AM com.matthieudeglon.shootme.Server.GameServer broadcast
INFO: Broadcasting message: Player 1 moved UP
janv. 17, 2025 7:08:54 AM com.matthieudeglon.shootme.Server.GameServer broadcast
INFO: Broadcasting message: Player 1 moved LEFT
janv. 17, 2025 7:08:54 AM com.matthieudeglon.shootme.Server.GameServer broadcast
INFO: Broadcasting message: Player 1 moved RIGHT
janv. 17, 2025 7:08:54 AM com.matthieudeglon.shootme.Server.GameServer broadcast
INFO: Broadcasting message: Player 1 moved UP
janv. 17, 2025 7:08:54 AM com.matthieudeglon.shootme.Server.GameServer broadcast
INFO: Broadcasting message: Player 1 moved LEFT
janv. 17, 2025 7:08:54 AM com.matthieudeglon.shootme.Server.GameServer broadcast
INFO: Broadcasting message: Player 1 moved RIGHT
janv. 17, 2025 7:08:54 AM com.matthieudeglon.shootme.Server.GameServer broadcast
INFO: Broadcasting message: Player 1 moved RIGHT
janv. 17, 2025 7:08:54 AM com.matthieudeglon.shootme.Server.GameServer broadcast
INFO: Broadcasting message: Player 1 moved LEFT
janv. 17, 2025 7:08:54 AM com.matthieudeglon.shootme.Server.GameServer broadcast
INFO: Broadcasting message: Player 1 moved UP
janv. 17, 2025 7:08:55 AM com.matthieudeglon.shootme.Server.GameServer broadcast
INFO: Broadcasting message: Player 2 moved LEFT
janv. 17, 2025 7:08:55 AM com.matthieudeglon.shootme.Server.GameServer broadcast
INFO: Broadcasting message: Player 2 moved RIGHT
janv. 17, 2025 7:08:55 AM com.matthieudeglon.shootme.Server.GameServer broadcast
INFO: Broadcasting message: Player 2 moved UP
janv. 17, 2025 7:08:55 AM com.matthieudeglon.shootme.Server.GameServer broadcast
INFO: Broadcasting message: Player 2 moved LEFT
janv. 17, 2025 7:08:55 AM com.matthieudeglon.shootme.Server.GameServer broadcast
INFO: Broadcasting message: Player 1 moved RIGHT
janv. 17, 2025 7:08:55 AM com.matthieudeglon.shootme.Server.GameServer broadcast
INFO: Broadcasting message: Player 2 moved DOWN
janv. 17, 2025 7:08:56 AM com.matthieudeglon.shootme.Server.GameServer broadcast
INFO: Broadcasting message: Player 2 moved LEFT
janv. 17, 2025 7:08:56 AM com.matthieudeglon.shootme.Server.GameServer broadcast
INFO: Broadcasting message: Player 2 moved DOWN
janv. 17, 2025 7:08:56 AM com.matthieudeglon.shootme.Server.GameServer broadcast
INFO: Broadcasting message: Player 2 moved RIGHT
janv. 17, 2025 7:08:56 AM com.matthieudeglon.shootme.Server.GameServer broadcast
INFO: Broadcasting message: Player 2 moved LEFT
janv. 17, 2025 7:08:57 AM com.matthieudeglon.shootme.Server.GameServer broadcast
INFO: Broadcasting message: Player 2 moved LEFT
janv. 17, 2025 7:08:57 AM com.matthieudeglon.shootme.Server.GameServer broadcast
INFO: Broadcasting message: Player 2 moved LEFT
janv. 17, 2025 7:08:57 AM com.matthieudeglon.shootme.Server.GameServer broadcast
INFO: Broadcasting message: Player 2 shooted
janv. 17, 2025 7:08:59 AM com.matthieudeglon.shootme.Server.GameServer broadcast
INFO: Broadcasting message: Player 2 moved UP
janv. 17, 2025 7:08:59 AM com.matthieudeglon.shootme.Server.GameServer broadcast
INFO: Broadcasting message: Player 2 moved DOWN
janv. 17, 2025 7:08:59 AM com.matthieudeglon.shootme.Server.GameServer broadcast
INFO: Broadcasting message: Player 2 moved LEFT
janv. 17, 2025 7:08:59 AM com.matthieudeglon.shootme.Server.GameServer broadcast
INFO: Broadcasting message: Player 2 moved RIGHT
janv. 17, 2025 7:08:59 AM com.matthieudeglon.shootme.Server.GameServer broadcast
INFO: Broadcasting message: Player 2 moved LEFT
janv. 17, 2025 7:08:59 AM com.matthieudeglon.shootme.Server.GameServer broadcast
INFO: Broadcasting message: Player 2 moved UP
janv. 17, 2025 7:08:59 AM com.matthieudeglon.shootme.Server.GameServer broadcast
INFO: Broadcasting message: Player 2 moved DOWN
janv. 17, 2025 7:09:00 AM com.matthieudeglon.shootme.Server.GameServer broadcast
INFO: Broadcasting message: Player 2 moved RIGHT
janv. 17, 2025 7:09:00 AM com.matthieudeglon.shootme.Server.GameServer broadcast
INFO: Broadcasting message: Player 2 moved LEFT
janv. 17, 2025 7:09:00 AM com.matthieudeglon.shootme.Server.GameServer broadcast
INFO: Broadcasting message: Player 2 moved RIGHT
janv. 17, 2025 7:09:01 AM com.matthieudeglon.shootme.Server.GameServer broadcast
INFO: Broadcasting message: Player 2 moved LEFT
janv. 17, 2025 7:09:01 AM com.matthieudeglon.shootme.Server.GameServer broadcast
INFO: Broadcasting message: Player 2 moved UP
janv. 17, 2025 7:09:01 AM com.matthieudeglon.shootme.Server.GameServer broadcast
INFO: Broadcasting message: Player 2 moved UP
janv. 17, 2025 7:09:01 AM com.matthieudeglon.shootme.Server.GameServer broadcast
INFO: Broadcasting message: Player 2 moved RIGHT
janv. 17, 2025 7:09:01 AM com.matthieudeglon.shootme.Server.GameServer broadcast
INFO: Broadcasting message: Player 2 moved RIGHT
janv. 17, 2025 7:09:01 AM com.matthieudeglon.shootme.Server.GameServer broadcast
INFO: Broadcasting message: Player 2 moved UP
janv. 17, 2025 7:09:02 AM com.matthieudeglon.shootme.Server.GameServer broadcast
INFO: Broadcasting message: Player 2 moved RIGHT
janv. 17, 2025 7:09:02 AM com.matthieudeglon.shootme.Server.GameServer broadcast
INFO: Broadcasting message: Player 2 moved UP
janv. 17, 2025 7:09:02 AM com.matthieudeglon.shootme.Server.GameServer broadcast
INFO: Broadcasting message: Player 2 moved LEFT
janv. 17, 2025 7:09:03 AM com.matthieudeglon.shootme.Server.GameServer broadcast
INFO: Broadcasting message: Player 2 moved RIGHT
janv. 17, 2025 7:09:03 AM com.matthieudeglon.shootme.Server.GameServer broadcast
INFO: Broadcasting message: Player 2 moved RIGHT
janv. 17, 2025 7:09:03 AM com.matthieudeglon.shootme.Server.GameServer broadcast
INFO: Broadcasting message: Player 2 moved LEFT
janv. 17, 2025 7:09:04 AM com.matthieudeglon.shootme.Server.GameServer broadcast
INFO: Broadcasting message: Player 2 moved UP
janv. 17, 2025 7:09:04 AM com.matthieudeglon.shootme.Server.GameServer broadcast
INFO: Broadcasting message: Player 2 moved RIGHT
janv. 17, 2025 7:09:04 AM com.matthieudeglon.shootme.Server.GameServer broadcast
INFO: Broadcasting message: Player 2 moved UP
janv. 17, 2025 7:09:05 AM com.matthieudeglon.shootme.Server.GameServer broadcast
INFO: Broadcasting message: Player 2 moved UP
janv. 17, 2025 7:09:05 AM com.matthieudeglon.shootme.Server.GameServer broadcast
INFO: Broadcasting message: Player 2 moved LEFT
janv. 17, 2025 7:09:05 AM com.matthieudeglon.shootme.Server.GameServer broadcast
INFO: Broadcasting message: Player 2 moved UP
janv. 17, 2025 7:09:05 AM com.matthieudeglon.shootme.Server.GameServer broadcast
INFO: Broadcasting message: Player 2 moved RIGHT
janv. 17, 2025 7:09:06 AM com.matthieudeglon.shootme.Server.GameServer broadcast
INFO: Broadcasting message: Player 2 moved LEFT
janv. 17, 2025 7:09:06 AM com.matthieudeglon.shootme.Server.GameServer broadcast
INFO: Broadcasting message: Player 2 moved RIGHT
janv. 17, 2025 7:09:07 AM com.matthieudeglon.shootme.Server.GameServer broadcast
INFO: Broadcasting message: Player 2 moved RIGHT
janv. 17, 2025 7:09:07 AM com.matthieudeglon.shootme.Server.GameServer broadcast
INFO: Broadcasting message: Player 2 moved RIGHT
janv. 17, 2025 7:09:07 AM com.matthieudeglon.shootme.Server.GameServer broadcast
INFO: Broadcasting message: Player 2 shooted
janv. 17, 2025 7:09:07 AM com.matthieudeglon.shootme.Server.GameServer broadcast
INFO: Broadcasting message: Player 2 moved DOWN
janv. 17, 2025 7:09:07 AM com.matthieudeglon.shootme.Server.GameServer broadcast
INFO: Broadcasting message: Player 2 moved DOWN
janv. 17, 2025 7:09:08 AM com.matthieudeglon.shootme.Server.GameServer broadcast
INFO: Broadcasting message: Player 2 moved LEFT
janv. 17, 2025 7:09:09 AM com.matthieudeglon.shootme.Server.GameServer broadcast
INFO: Broadcasting message: Player 2 moved LEFT
janv. 17, 2025 7:09:09 AM com.matthieudeglon.shootme.Server.GameServer broadcast
INFO: Broadcasting message: Player 2 moved LEFT
janv. 17, 2025 7:09:09 AM com.matthieudeglon.shootme.Server.GameServer broadcast
INFO: Broadcasting message: Player 2 moved LEFT
janv. 17, 2025 7:09:09 AM com.matthieudeglon.shootme.Server.GameServer broadcast
INFO: Broadcasting message: Player 2 moved LEFT
janv. 17, 2025 7:09:09 AM com.matthieudeglon.shootme.Server.GameServer broadcast
INFO: Broadcasting message: Player 2 moved LEFT
janv. 17, 2025 7:09:09 AM com.matthieudeglon.shootme.Server.GameServer broadcast
INFO: Broadcasting message: Player 2 moved LEFT
janv. 17, 2025 7:09:09 AM com.matthieudeglon.shootme.Server.GameServer broadcast
INFO: Broadcasting message: Player 2 moved LEFT
janv. 17, 2025 7:09:09 AM com.matthieudeglon.shootme.Server.GameServer broadcast
INFO: Broadcasting message: Player 2 moved LEFT
janv. 17, 2025 7:09:09 AM com.matthieudeglon.shootme.Server.GameServer broadcast
INFO: Broadcasting message: Player 2 moved LEFT
janv. 17, 2025 7:09:09 AM com.matthieudeglon.shootme.Server.GameServer broadcast
INFO: Broadcasting message: Player 2 moved LEFT
janv. 17, 2025 7:09:09 AM com.matthieudeglon.shootme.Server.GameServer broadcast
INFO: Broadcasting message: Player 2 moved LEFT
janv. 17, 2025 7:09:09 AM com.matthieudeglon.shootme.Server.GameServer broadcast
INFO: Broadcasting message: Player 2 moved LEFT
janv. 17, 2025 7:09:09 AM com.matthieudeglon.shootme.Server.GameServer broadcast
INFO: Broadcasting message: Player 2 moved LEFT
janv. 17, 2025 7:09:09 AM com.matthieudeglon.shootme.Server.GameServer broadcast
INFO: Broadcasting message: Player 2 moved LEFT
janv. 17, 2025 7:09:09 AM com.matthieudeglon.shootme.Server.GameServer broadcast
INFO: Broadcasting message: Player 2 moved LEFT
janv. 17, 2025 7:09:09 AM com.matthieudeglon.shootme.Server.GameServer broadcast
INFO: Broadcasting message: Player 2 moved LEFT
janv. 17, 2025 7:09:09 AM com.matthieudeglon.shootme.Server.GameServer broadcast
INFO: Broadcasting message: Player 2 moved LEFT
janv. 17, 2025 7:09:09 AM com.matthieudeglon.shootme.Server.GameServer broadcast
INFO: Broadcasting message: Player 2 moved LEFT
janv. 17, 2025 7:09:09 AM com.matthieudeglon.shootme.Server.GameServer broadcast
INFO: Broadcasting message: Player 2 moved LEFT
janv. 17, 2025 7:09:09 AM com.matthieudeglon.shootme.Server.GameServer broadcast
INFO: Broadcasting message: Player 2 moved LEFT
janv. 17, 2025 7:09:09 AM com.matthieudeglon.shootme.Server.GameServer broadcast
INFO: Broadcasting message: Player 2 moved LEFT
janv. 17, 2025 7:09:09 AM com.matthieudeglon.shootme.Server.GameServer broadcast
INFO: Broadcasting message: Player 2 moved LEFT
janv. 17, 2025 7:09:09 AM com.matthieudeglon.shootme.Server.GameServer broadcast
INFO: Broadcasting message: Player 2 moved LEFT
janv. 17, 2025 7:09:09 AM com.matthieudeglon.shootme.Server.GameServer broadcast
INFO: Broadcasting message: Player 2 moved LEFT
janv. 17, 2025 7:09:09 AM com.matthieudeglon.shootme.Server.GameServer broadcast
INFO: Broadcasting message: Player 2 moved LEFT
janv. 17, 2025 7:09:09 AM com.matthieudeglon.shootme.Server.GameServer broadcast
INFO: Broadcasting message: Player 2 moved LEFT
janv. 17, 2025 7:09:09 AM com.matthieudeglon.shootme.Server.GameServer broadcast
INFO: Broadcasting message: Player 2 moved LEFT
janv. 17, 2025 7:09:09 AM com.matthieudeglon.shootme.Server.GameServer broadcast
INFO: Broadcasting message: Player 2 moved LEFT
janv. 17, 2025 7:09:09 AM com.matthieudeglon.shootme.Server.GameServer broadcast
INFO: Broadcasting message: Player 2 moved LEFT
janv. 17, 2025 7:09:10 AM com.matthieudeglon.shootme.Server.GameServer broadcast
INFO: Broadcasting message: Player 2 moved LEFT
janv. 17, 2025 7:09:10 AM com.matthieudeglon.shootme.Server.GameServer broadcast
INFO: Broadcasting message: Player 2 moved LEFT
janv. 17, 2025 7:09:46 AM com.matthieudeglon.shootme.Server.GameServer broadcast
INFO: Broadcasting message: Player 2 shooted
janv. 17, 2025 7:09:46 AM com.matthieudeglon.shootme.Server.GameServer broadcast
INFO: Broadcasting message: Player 2 shooted
janv. 17, 2025 7:09:47 AM com.matthieudeglon.shootme.Server.GameServer broadcast
INFO: Broadcasting message: Player 2 shooted
janv. 17, 2025 7:09:47 AM com.matthieudeglon.shootme.Server.GameServer broadcast
INFO: Broadcasting message: Player 2 shooted
janv. 17, 2025 7:09:47 AM com.matthieudeglon.shootme.Server.GameServer broadcast
INFO: Broadcasting message: Player 2 shooted
janv. 17, 2025 7:09:47 AM com.matthieudeglon.shootme.Server.GameServer broadcast
INFO: Broadcasting message: Player 2 shooted
janv. 17, 2025 7:09:47 AM com.matthieudeglon.shootme.Server.GameServer broadcast
INFO: Broadcasting message: Player 2 shooted
janv. 17, 2025 7:09:48 AM com.matthieudeglon.shootme.Server.GameServer broadcast
INFO: Broadcasting message: Player 2 shooted
janv. 17, 2025 7:09:48 AM com.matthieudeglon.shootme.Server.GameServer broadcast
INFO: Broadcasting message: Player 2 shooted
janv. 17, 2025 7:09:48 AM com.matthieudeglon.shootme.Server.GameServer broadcast
INFO: Broadcasting message: Player 2 shooted
janv. 17, 2025 7:09:49 AM com.matthieudeglon.shootme.Server.GameServer broadcast
INFO: Broadcasting message: Player 2 shooted
janv. 17, 2025 7:09:49 AM com.matthieudeglon.shootme.Server.GameServer broadcast
INFO: Broadcasting message: Player 2 shooted
janv. 17, 2025 7:09:50 AM com.matthieudeglon.shootme.Server.GameServer broadcast
INFO: Broadcasting message: Player 2 shooted
janv. 17, 2025 7:09:51 AM com.matthieudeglon.shootme.Server.GameServer broadcast
INFO: Broadcasting message: Player 2 shooted
janv. 17, 2025 7:09:51 AM com.matthieudeglon.shootme.Server.GameServer broadcast
INFO: Broadcasting message: Player 2 shooted
janv. 17, 2025 7:56:55 AM com.matthieudeglon.shootme.Server.GameServer lambda$start$0
INFO: Game server started on port 12345
janv. 17, 2025 7:56:57 AM com.matthieudeglon.shootme.Server.GameServer broadcast
INFO: Broadcasting message: Player 2 moved LEFT
janv. 17, 2025 7:56:57 AM com.matthieudeglon.shootme.Server.GameServer broadcast
INFO: Broadcasting message: Player 2 moved UP
janv. 17, 2025 7:56:57 AM com.matthieudeglon.shootme.Server.GameServer broadcast
INFO: Broadcasting message: Player 2 moved LEFT
janv. 17, 2025 7:56:57 AM com.matthieudeglon.shootme.Server.GameServer broadcast
INFO: Broadcasting message: Player 2 moved RIGHT
janv. 17, 2025 7:56:57 AM com.matthieudeglon.shootme.Server.GameServer broadcast
INFO: Broadcasting message: Player 2 moved UP
janv. 17, 2025 7:56:57 AM com.matthieudeglon.shootme.Server.GameServer broadcast
INFO: Broadcasting message: Player 2 moved LEFT
janv. 17, 2025 7:56:57 AM com.matthieudeglon.shootme.Server.GameServer broadcast
INFO: Broadcasting message: Player 2 moved RIGHT
janv. 17, 2025 7:56:57 AM com.matthieudeglon.shootme.Server.GameServer broadcast
INFO: Broadcasting message: Player 2 moved UP
janv. 17, 2025 7:56:57 AM com.matthieudeglon.shootme.Server.GameServer broadcast
INFO: Broadcasting message: Player 2 moved LEFT
janv. 17, 2025 7:56:57 AM com.matthieudeglon.shootme.Server.GameServer broadcast
INFO: Broadcasting message: Player 2 moved DOWN
janv. 17, 2025 7:56:57 AM com.matthieudeglon.shootme.Server.GameServer broadcast
INFO: Broadcasting message: Player 2 moved RIGHT
janv. 17, 2025 7:56:57 AM com.matthieudeglon.shootme.Server.GameServer broadcast
INFO: Broadcasting message: Player 2 moved LEFT
janv. 17, 2025 7:56:58 AM com.matthieudeglon.shootme.Server.GameServer broadcast
INFO: Broadcasting message: Player 1 moved RIGHT
janv. 17, 2025 7:56:58 AM com.matthieudeglon.shootme.Server.GameServer broadcast
INFO: Broadcasting message: Player 1 moved LEFT
janv. 17, 2025 7:56:58 AM com.matthieudeglon.shootme.Server.GameServer broadcast
INFO: Broadcasting message: Player 1 moved UP
janv. 17, 2025 7:56:58 AM com.matthieudeglon.shootme.Server.GameServer broadcast
INFO: Broadcasting message: Player 1 moved DOWN
janv. 17, 2025 7:56:58 AM com.matthieudeglon.shootme.Server.GameServer broadcast
INFO: Broadcasting message: Player 1 moved LEFT
janv. 17, 2025 7:56:58 AM com.matthieudeglon.shootme.Server.GameServer broadcast
INFO: Broadcasting message: Player 1 moved UP
janv. 17, 2025 7:56:59 AM com.matthieudeglon.shootme.Server.GameServer broadcast
INFO: Broadcasting message: Player 1 moved DOWN
janv. 17, 2025 7:56:59 AM com.matthieudeglon.shootme.Server.GameServer broadcast
INFO: Broadcasting message: Player 2 moved LEFT
janv. 17, 2025 7:56:59 AM com.matthieudeglon.shootme.Server.GameServer broadcast
INFO: Broadcasting message: Player 1 moved RIGHT
janv. 17, 2025 7:57:00 AM com.matthieudeglon.shootme.Server.GameServer broadcast
INFO: Broadcasting message: Player 1 shooted
janv. 17, 2025 7:57:00 AM com.matthieudeglon.shootme.Server.GameServer broadcast
INFO: Broadcasting message: Player 2 moved RIGHT
janv. 17, 2025 7:57:01 AM com.matthieudeglon.shootme.Server.GameServer broadcast
INFO: Broadcasting message: Player 1 moved RIGHT
janv. 17, 2025 7:57:01 AM com.matthieudeglon.shootme.Server.GameServer broadcast
INFO: Broadcasting message: Player 1 moved LEFT
janv. 17, 2025 7:57:01 AM com.matthieudeglon.shootme.Server.GameServer broadcast
INFO: Broadcasting message: Player 1 moved RIGHT
janv. 17, 2025 7:57:02 AM com.matthieudeglon.shootme.Server.GameServer broadcast
INFO: Broadcasting message: Player 1 moved UP
janv. 17, 2025 7:57:02 AM com.matthieudeglon.shootme.Server.GameServer broadcast
INFO: Broadcasting message: Player 1 moved DOWN
janv. 17, 2025 7:57:02 AM com.matthieudeglon.shootme.Server.GameServer broadcast
INFO: Broadcasting message: Player 1 moved RIGHT
janv. 17, 2025 7:57:03 AM com.matthieudeglon.shootme.Server.GameServer broadcast
INFO: Broadcasting message: Player 1 moved UP
janv. 17, 2025 7:57:03 AM com.matthieudeglon.shootme.Server.GameServer broadcast
INFO: Broadcasting message: Player 1 shooted
janv. 17, 2025 7:57:03 AM com.matthieudeglon.shootme.Server.GameServer broadcast
INFO: Broadcasting message: Player 1 moved RIGHT
janv. 17, 2025 7:57:03 AM com.matthieudeglon.shootme.Server.GameServer broadcast
INFO: Broadcasting message: Player 1 shooted
janv. 17, 2025 7:57:03 AM com.matthieudeglon.shootme.Server.GameServer broadcast
INFO: Broadcasting message: Player 1 shooted
janv. 17, 2025 7:57:03 AM com.matthieudeglon.shootme.Server.GameServer broadcast
INFO: Broadcasting message: Player 1 shooted
janv. 17, 2025 7:57:04 AM com.matthieudeglon.shootme.Server.GameServer broadcast
INFO: Broadcasting message: Player 1 shooted
janv. 17, 2025 7:57:04 AM com.matthieudeglon.shootme.Server.GameServer broadcast
INFO: Broadcasting message: Player 1 shooted
janv. 17, 2025 7:57:04 AM com.matthieudeglon.shootme.Server.GameServer broadcast
INFO: Broadcasting message: Player 1 moved LEFT
janv. 17, 2025 7:57:04 AM com.matthieudeglon.shootme.Server.GameServer broadcast
INFO: Broadcasting message: Player 1 shooted
janv. 17, 2025 7:57:05 AM com.matthieudeglon.shootme.Server.GameServer broadcast
INFO: Broadcasting message: Player 1 moved RIGHT
janv. 17, 2025 7:57:05 AM com.matthieudeglon.shootme.Server.GameServer broadcast
INFO: Broadcasting message: Player 1 moved LEFT
janv. 17, 2025 7:57:05 AM com.matthieudeglon.shootme.Server.GameServer broadcast
INFO: Broadcasting message: Player 1 shooted
janv. 17, 2025 7:57:06 AM com.matthieudeglon.shootme.Server.GameServer broadcast
INFO: Broadcasting message: Player 1 shooted
janv. 17, 2025 7:57:06 AM com.matthieudeglon.shootme.Server.GameServer broadcast
INFO: Broadcasting message: Player 1 shooted
janv. 17, 2025 7:57:07 AM com.matthieudeglon.shootme.Server.GameServer broadcast
INFO: Broadcasting message: Player 1 moved RIGHT
janv. 17, 2025 7:57:07 AM com.matthieudeglon.shootme.Server.GameServer broadcast
INFO: Broadcasting message: Player 1 shooted
janv. 17, 2025 7:57:08 AM com.matthieudeglon.shootme.Server.GameServer broadcast
INFO: Broadcasting message: Player 1 moved RIGHT
janv. 17, 2025 7:57:08 AM com.matthieudeglon.shootme.Server.GameServer broadcast
INFO: Broadcasting message: Player 1 moved RIGHT
janv. 17, 2025 7:57:09 AM com.matthieudeglon.shootme.Server.GameServer broadcast
INFO: Broadcasting message: Player 1 moved DOWN
janv. 17, 2025 7:57:09 AM com.matthieudeglon.shootme.Server.GameServer broadcast
INFO: Broadcasting message: Player 1 moved LEFT
janv. 17, 2025 7:57:09 AM com.matthieudeglon.shootme.Server.GameServer broadcast
INFO: Broadcasting message: Player 1 moved DOWN
janv. 17, 2025 7:57:10 AM com.matthieudeglon.shootme.Server.GameServer broadcast
INFO: Broadcasting message: Player 1 moved DOWN
janv. 17, 2025 7:57:10 AM com.matthieudeglon.shootme.Server.GameServer broadcast
INFO: Broadcasting message: Player 1 moved RIGHT
janv. 17, 2025 7:57:10 AM com.matthieudeglon.shootme.Server.GameServer broadcast
INFO: Broadcasting message: Player 1 moved RIGHT
janv. 17, 2025 7:57:10 AM com.matthieudeglon.shootme.Server.GameServer broadcast
INFO: Broadcasting message: Player 1 moved RIGHT
janv. 17, 2025 7:57:11 AM com.matthieudeglon.shootme.Server.GameServer broadcast
INFO: Broadcasting message: Player 1 moved UP
janv. 17, 2025 7:57:11 AM com.matthieudeglon.shootme.Server.GameServer broadcast
INFO: Broadcasting message: Player 1 moved LEFT
janv. 17, 2025 7:57:11 AM com.matthieudeglon.shootme.Server.GameServer broadcast
INFO: Broadcasting message: Player 1 moved RIGHT
janv. 17, 2025 7:57:12 AM com.matthieudeglon.shootme.Server.GameServer broadcast
INFO: Broadcasting message: Player 1 moved LEFT
janv. 17, 2025 7:57:12 AM com.matthieudeglon.shootme.Server.GameServer broadcast
INFO: Broadcasting message: Player 1 moved DOWN
janv. 17, 2025 7:57:13 AM com.matthieudeglon.shootme.Server.GameServer broadcast
INFO: Broadcasting message: Player 1 moved RIGHT
janv. 17, 2025 7:57:13 AM com.matthieudeglon.shootme.Server.GameServer broadcast
INFO: Broadcasting message: Player 1 moved DOWN
janv. 17, 2025 7:57:13 AM com.matthieudeglon.shootme.Server.GameServer broadcast
INFO: Broadcasting message: Player 1 moved LEFT
janv. 17, 2025 7:57:14 AM com.matthieudeglon.shootme.Server.GameServer broadcast
INFO: Broadcasting message: Player 1 moved LEFT
janv. 17, 2025 7:57:14 AM com.matthieudeglon.shootme.Server.GameServer broadcast
INFO: Broadcasting message: Player 1 moved LEFT
janv. 17, 2025 7:57:14 AM com.matthieudeglon.shootme.Server.GameServer broadcast
INFO: Broadcasting message: Player 1 moved DOWN
janv. 17, 2025 7:57:14 AM com.matthieudeglon.shootme.Server.GameServer broadcast
INFO: Broadcasting message: Player 1 moved RIGHT
janv. 17, 2025 7:57:15 AM com.matthieudeglon.shootme.Server.GameServer broadcast
INFO: Broadcasting message: Player 1 moved UP
janv. 17, 2025 7:57:15 AM com.matthieudeglon.shootme.Server.GameServer broadcast
INFO: Broadcasting message: Player 1 moved DOWN
janv. 17, 2025 7:57:16 AM com.matthieudeglon.shootme.Server.GameServer broadcast
INFO: Broadcasting message: Player 1 moved DOWN
janv. 17, 2025 7:57:16 AM com.matthieudeglon.shootme.Server.GameServer broadcast
INFO: Broadcasting message: Player 1 moved UP
janv. 17, 2025 7:57:16 AM com.matthieudeglon.shootme.Server.GameServer broadcast
INFO: Broadcasting message: Player 1 moved RIGHT
janv. 17, 2025 7:57:16 AM com.matthieudeglon.shootme.Server.GameServer broadcast
INFO: Broadcasting message: Player 1 shooted
janv. 17, 2025 7:57:17 AM com.matthieudeglon.shootme.Server.GameServer broadcast
INFO: Broadcasting message: Player 1 shooted
janv. 17, 2025 7:57:17 AM com.matthieudeglon.shootme.Server.GameServer broadcast
INFO: Broadcasting message: Player 1 moved DOWN
janv. 17, 2025 7:57:18 AM com.matthieudeglon.shootme.Server.GameServer broadcast
INFO: Broadcasting message: Player 1 moved UP
janv. 17, 2025 7:57:18 AM com.matthieudeglon.shootme.Server.GameServer broadcast
INFO: Broadcasting message: Player 1 moved RIGHT
janv. 17, 2025 7:57:19 AM com.matthieudeglon.shootme.Server.GameServer broadcast
INFO: Broadcasting message: Player 1 shooted
janv. 17, 2025 7:57:19 AM com.matthieudeglon.shootme.Server.GameServer broadcast
INFO: Broadcasting message: Player 1 shooted
janv. 17, 2025 7:57:40 AM com.matthieudeglon.shootme.Server.GameServer lambda$start$0
SEVERE: Server error: Address already in use: bind
janv. 17, 2025 7:57:42 AM com.matthieudeglon.shootme.Server.GameServer broadcast
INFO: Broadcasting message: Player 2 moved LEFT
janv. 17, 2025 7:57:42 AM com.matthieudeglon.shootme.Server.GameServer broadcast
INFO: Broadcasting message: Player 2 moved LEFT
janv. 17, 2025 7:57:42 AM com.matthieudeglon.shootme.Server.GameServer broadcast
INFO: Broadcasting message: Player 2 moved LEFT
janv. 17, 2025 7:57:42 AM com.matthieudeglon.shootme.Server.GameServer broadcast
INFO: Broadcasting message: Player 2 moved LEFT
janv. 17, 2025 7:57:42 AM com.matthieudeglon.shootme.Server.GameServer broadcast
INFO: Broadcasting message: Player 2 moved DOWN
janv. 17, 2025 7:57:43 AM com.matthieudeglon.shootme.Server.GameServer broadcast
INFO: Broadcasting message: Player 2 moved UP
janv. 17, 2025 7:57:43 AM com.matthieudeglon.shootme.Server.GameServer broadcast
INFO: Broadcasting message: Player 2 moved UP
janv. 17, 2025 7:57:44 AM com.matthieudeglon.shootme.Server.GameServer broadcast
INFO: Broadcasting message: Player 2 moved RIGHT
janv. 17, 2025 7:57:44 AM com.matthieudeglon.shootme.Server.GameServer broadcast
INFO: Broadcasting message: Player 2 moved UP
janv. 17, 2025 7:57:44 AM com.matthieudeglon.shootme.Server.GameServer broadcast
INFO: Broadcasting message: Player 2 moved LEFT
janv. 17, 2025 7:57:45 AM com.matthieudeglon.shootme.Server.GameServer broadcast
INFO: Broadcasting message: Player 2 moved UP
janv. 17, 2025 7:57:45 AM com.matthieudeglon.shootme.Server.GameServer broadcast
INFO: Broadcasting message: Player 2 moved LEFT
janv. 17, 2025 7:57:45 AM com.matthieudeglon.shootme.Server.GameServer broadcast
INFO: Broadcasting message: Player 2 moved UP
janv. 17, 2025 7:57:46 AM com.matthieudeglon.shootme.Server.GameServer broadcast
INFO: Broadcasting message: Player 2 moved UP
janv. 17, 2025 7:57:46 AM com.matthieudeglon.shootme.Server.GameServer broadcast
INFO: Broadcasting message: Player 2 moved UP
janv. 17, 2025 7:57:46 AM com.matthieudeglon.shootme.Server.GameServer broadcast
INFO: Broadcasting message: Player 2 moved UP
janv. 17, 2025 7:57:46 AM com.matthieudeglon.shootme.Server.GameServer broadcast
INFO: Broadcasting message: Player 2 moved UP
janv. 17, 2025 7:57:46 AM com.matthieudeglon.shootme.Server.GameServer broadcast
INFO: Broadcasting message: Player 2 moved UP
janv. 17, 2025 7:57:46 AM com.matthieudeglon.shootme.Server.GameServer broadcast
INFO: Broadcasting message: Player 2 moved UP
janv. 17, 2025 7:57:46 AM com.matthieudeglon.shootme.Server.GameServer broadcast
INFO: Broadcasting message: Player 2 moved UP
janv. 17, 2025 7:57:46 AM com.matthieudeglon.shootme.Server.GameServer broadcast
INFO: Broadcasting message: Player 2 moved UP
janv. 17, 2025 7:57:46 AM com.matthieudeglon.shootme.Server.GameServer broadcast
INFO: Broadcasting message: Player 2 moved UP
janv. 17, 2025 7:57:47 AM com.matthieudeglon.shootme.Server.GameServer broadcast
INFO: Broadcasting message: Player 2 moved UP
janv. 17, 2025 7:57:47 AM com.matthieudeglon.shootme.Server.GameServer broadcast
INFO: Broadcasting message: Player 2 moved UP
janv. 17, 2025 7:57:47 AM com.matthieudeglon.shootme.Server.GameServer broadcast
INFO: Broadcasting message: Player 2 moved UP
janv. 17, 2025 7:57:47 AM com.matthieudeglon.shootme.Server.GameServer broadcast
INFO: Broadcasting message: Player 2 moved LEFT
janv. 17, 2025 7:57:47 AM com.matthieudeglon.shootme.Server.GameServer broadcast
INFO: Broadcasting message: Player 2 shooted
janv. 17, 2025 7:57:48 AM com.matthieudeglon.shootme.Server.GameServer broadcast
INFO: Broadcasting message: Player 2 shooted
janv. 17, 2025 7:57:48 AM com.matthieudeglon.shootme.Server.GameServer broadcast
INFO: Broadcasting message: Player 2 shooted
janv. 17, 2025 7:57:48 AM com.matthieudeglon.shootme.Server.GameServer broadcast
INFO: Broadcasting message: Player 2 shooted
janv. 17, 2025 7:57:48 AM com.matthieudeglon.shootme.Server.GameServer broadcast
INFO: Broadcasting message: Player 2 shooted
janv. 17, 2025 7:57:48 AM com.matthieudeglon.shootme.Server.GameServer broadcast
INFO: Broadcasting message: Player 2 shooted
janv. 17, 2025 7:57:49 AM com.matthieudeglon.shootme.Server.GameServer broadcast
INFO: Broadcasting message: Player 2 shooted
janv. 17, 2025 7:57:49 AM com.matthieudeglon.shootme.Server.GameServer broadcast
INFO: Broadcasting message: Player 2 shooted
janv. 17, 2025 7:57:49 AM com.matthieudeglon.shootme.Server.GameServer broadcast
INFO: Broadcasting message: Player 2 shooted
